[0611/130233.094:ERROR:process_memory_win.cc(73)] ReadMemory at 0x3a0000 of 64 bytes failed: 仅完成部分的 ReadProcessMemory 或 WriteProcessMemory 请求。 (0x12B)
[0611/130235.171:WARNING:pe_image_reader.cc(340)] could not read dos header from C:\Program Files (x86)\Google\Chrome\Application\chrome.exe
[0611/130235.171:ERROR:process_memory_win.cc(73)] ReadMemory at 0x76fe0000 of 64 bytes failed: 仅完成部分的 ReadProcessMemory 或 WriteProcessMemory 请求。 (0x12B)
[0611/130235.171:WARNING:pe_image_reader.cc(340)] could not read dos header from C:\WINDOWS\SYSTEM32\ntdll.dll
[0611/130235.171:ERROR:process_memory_win.cc(73)] ReadMemory at 0x739e0000 of 64 bytes failed: 仅完成部分的 ReadProcessMemory 或 WriteProcessMemory 请求。 (0x12B)
[0611/130235.171:WARNING:pe_image_reader.cc(340)] could not read dos header from C:\WINDOWS\System32\KERNEL32.DLL
[0611/130235.171:ERROR:process_memory_win.cc(73)] ReadMemory at 0x75190000 of 64 bytes failed: 仅完成部分的 ReadProcessMemory 或 WriteProcessMemory 请求。 (0x12B)
[0611/130235.171:WARNING:pe_image_reader.cc(340)] could not read dos header from C:\WINDOWS\System32\KERNELBASE.dll
[0611/130235.171:ERROR:process_memory_win.cc(73)] ReadMemory at 0x67970000 of 64 bytes failed: 仅完成部分的 ReadProcessMemory 或 WriteProcessMemory 请求。 (0x12B)
[0611/130235.171:WARNING:pe_image_reader.cc(340)] could not read dos header from C:\WINDOWS\SYSTEM32\apphelp.dll
[0611/130235.171:ERROR:process_memory_win.cc(73)] ReadMemory at 0x73ca0000 of 64 bytes failed: 仅完成部分的 ReadProcessMemory 或 WriteProcessMemory 请求。 (0x12B)
[0611/130235.172:WARNING:pe_image_reader.cc(340)] could not read dos header from C:\WINDOWS\System32\SHELL32.dll
[0611/130235.172:ERROR:process_memory_win.cc(73)] ReadMemory at 0x738d0000 of 64 bytes failed: 仅完成部分的 ReadProcessMemory 或 WriteProcessMemory 请求。 (0x12B)
[0611/130235.172:WARNING:pe_image_reader.cc(340)] could not read dos header from C:\WINDOWS\System32\msvcrt.dll
[0611/130235.172:ERROR:process_memory_win.cc(73)] ReadMemory at 0x756e0000 of 64 bytes failed: 仅完成部分的 ReadProcessMemory 或 WriteProcessMemory 请求。 (0x12B)
[0611/130235.172:WARNING:pe_image_reader.cc(340)] could not read dos header from C:\WINDOWS\System32\cfgmgr32.dll
[0611/130235.172:ERROR:process_memory_win.cc(73)] ReadMemory at 0x75560000 of 64 bytes failed: 仅完成部分的 ReadProcessMemory 或 WriteProcessMemory 请求。 (0x12B)
[0611/130235.172:WARNING:pe_image_reader.cc(340)] could not read dos header from C:\WINDOWS\System32\ucrtbase.dll
[0611/130235.172:ERROR:process_memory_win.cc(73)] ReadMemory at 0x759c0000 of 64 bytes failed: 仅完成部分的 ReadProcessMemory 或 WriteProcessMemory 请求。 (0x12B)
[0611/130235.172:WARNING:pe_image_reader.cc(340)] could not read dos header from C:\WINDOWS\System32\shcore.dll
[0611/130235.172:ERROR:process_memory_win.cc(73)] ReadMemory at 0x75380000 of 64 bytes failed: 仅完成部分的 ReadProcessMemory 或 WriteProcessMemory 请求。 (0x12B)
[0611/130235.172:WARNING:pe_image_reader.cc(340)] could not read dos header from C:\WINDOWS\System32\RPCRT4.dll
[0611/130235.172:ERROR:process_memory_win.cc(73)] ReadMemory at 0x738a0000 of 64 bytes failed: 仅完成部分的 ReadProcessMemory 或 WriteProcessMemory 请求。 (0x12B)
[0611/130235.172:WARNING:pe_image_reader.cc(340)] could not read dos header from C:\WINDOWS\System32\SspiCli.dll
[0611/130235.172:ERROR:process_memory_win.cc(73)] ReadMemory at 0x73890000 of 64 bytes failed: 仅完成部分的 ReadProcessMemory 或 WriteProcessMemory 请求。 (0x12B)
[0611/130235.172:WARNING:pe_image_reader.cc(340)] could not read dos header from C:\WINDOWS\System32\CRYPTBASE.dll
[0611/130235.172:ERROR:process_memory_win.cc(73)] ReadMemory at 0x75a50000 of 64 bytes failed: 仅完成部分的 ReadProcessMemory 或 WriteProcessMemory 请求。 (0x12B)
[0611/130235.172:WARNING:pe_image_reader.cc(340)] could not read dos header from C:\WINDOWS\System32\bcryptPrimitives.dll
[0611/130235.172:ERROR:process_memory_win.cc(73)] ReadMemory at 0x76ea0000 of 64 bytes failed: 仅完成部分的 ReadProcessMemory 或 WriteProcessMemory 请求。 (0x12B)
[0611/130235.172:WARNING:pe_image_reader.cc(340)] could not read dos header from C:\WINDOWS\System32\sechost.dll
[0611/130235.172:ERROR:process_memory_win.cc(73)] ReadMemory at 0x75c60000 of 64 bytes failed: 仅完成部分的 ReadProcessMemory 或 WriteProcessMemory 请求。 (0x12B)
[0611/130235.172:WARNING:pe_image_reader.cc(340)] could not read dos header from C:\WINDOWS\System32\combase.dll
[0611/130235.172:ERROR:process_memory_win.cc(73)] ReadMemory at 0x76240000 of 64 bytes failed: 仅完成部分的 ReadProcessMemory 或 WriteProcessMemory 请求。 (0x12B)
[0611/130235.172:WARNING:pe_image_reader.cc(340)] could not read dos header from C:\WINDOWS\System32\windows.storage.dll
[0611/130235.172:ERROR:process_memory_win.cc(73)] ReadMemory at 0x75ec0000 of 64 bytes failed: 仅完成部分的 ReadProcessMemory 或 WriteProcessMemory 请求。 (0x12B)
[0611/130235.172:WARNING:pe_image_reader.cc(340)] could not read dos header from C:\WINDOWS\System32\advapi32.dll
[0611/130235.172:ERROR:process_memory_win.cc(73)] ReadMemory at 0x76810000 of 64 bytes failed: 仅完成部分的 ReadProcessMemory 或 WriteProcessMemory 请求。 (0x12B)
[0611/130235.172:WARNING:pe_image_reader.cc(340)] could not read dos header from C:\WINDOWS\System32\shlwapi.dll
[0611/130235.172:ERROR:process_memory_win.cc(73)] ReadMemory at 0x73c50000 of 64 bytes failed: 仅完成部分的 ReadProcessMemory 或 WriteProcessMemory 请求。 (0x12B)
[0611/130235.172:WARNING:pe_image_reader.cc(340)] could not read dos header from C:\WINDOWS\System32\GDI32.dll
[0611/130235.172:ERROR:process_memory_win.cc(73)] ReadMemory at 0x75850000 of 64 bytes failed: 仅完成部分的 ReadProcessMemory 或 WriteProcessMemory 请求。 (0x12B)
[0611/130235.172:WARNING:pe_image_reader.cc(340)] could not read dos header from C:\WINDOWS\System32\gdi32full.dll
[0611/130235.172:ERROR:process_memory_win.cc(73)] ReadMemory at 0x76860000 of 64 bytes failed: 仅完成部分的 ReadProcessMemory 或 WriteProcessMemory 请求。 (0x12B)
[0611/130235.172:WARNING:pe_image_reader.cc(340)] could not read dos header from C:\WINDOWS\System32\msvcp_win.dll
[0611/130235.172:ERROR:process_memory_win.cc(73)] ReadMemory at 0x73ac0000 of 64 bytes failed: 仅完成部分的 ReadProcessMemory 或 WriteProcessMemory 请求。 (0x12B)
[0611/130235.172:WARNING:pe_image_reader.cc(340)] could not read dos header from C:\WINDOWS\System32\USER32.dll
[0611/130235.172:ERROR:process_memory_win.cc(73)] ReadMemory at 0x76190000 of 64 bytes failed: 仅完成部分的 ReadProcessMemory 或 WriteProcessMemory 请求。 (0x12B)
[0611/130235.172:WARNING:pe_image_reader.cc(340)] could not read dos header from C:\WINDOWS\System32\win32u.dll
[0611/130235.172:ERROR:process_memory_win.cc(73)] ReadMemory at 0x76d10000 of 64 bytes failed: 仅完成部分的 ReadProcessMemory 或 WriteProcessMemory 请求。 (0x12B)
[0611/130235.172:WARNING:pe_image_reader.cc(340)] could not read dos header from C:\WINDOWS\System32\kernel.appcore.dll
[0611/130235.172:ERROR:process_memory_win.cc(73)] ReadMemory at 0x73c80000 of 64 bytes failed: 仅完成部分的 ReadProcessMemory 或 WriteProcessMemory 请求。 (0x12B)
[0611/130235.172:WARNING:pe_image_reader.cc(340)] could not read dos header from C:\WINDOWS\System32\profapi.dll
[0611/130235.172:ERROR:process_memory_win.cc(73)] ReadMemory at 0x73990000 of 64 bytes failed: 仅完成部分的 ReadProcessMemory 或 WriteProcessMemory 请求。 (0x12B)
[0611/130235.173:WARNING:pe_image_reader.cc(340)] could not read dos header from C:\WINDOWS\System32\powrprof.dll
[0611/130235.173:ERROR:process_memory_win.cc(73)] ReadMemory at 0x757a0000 of 64 bytes failed: 仅完成部分的 ReadProcessMemory 或 WriteProcessMemory 请求。 (0x12B)
[0611/130235.173:WARNING:pe_image_reader.cc(340)] could not read dos header from C:\WINDOWS\System32\FLTLIB.DLL
[0611/130235.173:ERROR:process_memory_win.cc(73)] ReadMemory at 0x50130000 of 64 bytes failed: 仅完成部分的 ReadProcessMemory 或 WriteProcessMemory 请求。 (0x12B)
[0611/130235.173:WARNING:pe_image_reader.cc(340)] could not read dos header from C:\Program Files (x86)\Google\Chrome\Application\74.0.3729.169\chrome_elf.dll
[0611/130235.173:ERROR:process_memory_win.cc(73)] ReadMemory at 0x73630000 of 64 bytes failed: 仅完成部分的 ReadProcessMemory 或 WriteProcessMemory 请求。 (0x12B)
[0611/130235.213:WARNING:pe_image_reader.cc(340)] could not read dos header from C:\WINDOWS\SYSTEM32\VERSION.dll
[0611/130235.213:ERROR:process_memory_win.cc(73)] ReadMemory at 0x725f0000 of 64 bytes failed: 仅完成部分的 ReadProcessMemory 或 WriteProcessMemory 请求。 (0x12B)
[0611/130235.213:WARNING:pe_image_reader.cc(340)] could not read dos header from C:\WINDOWS\SYSTEM32\WINMM.dll
[0611/130235.213:ERROR:process_memory_win.cc(73)] ReadMemory at 0x73460000 of 64 bytes failed: 仅完成部分的 ReadProcessMemory 或 WriteProcessMemory 请求。 (0x12B)
[0611/130235.213:WARNING:pe_image_reader.cc(340)] could not read dos header from C:\WINDOWS\SYSTEM32\USERENV.dll
[0611/130235.213:ERROR:process_memory_win.cc(73)] ReadMemory at 0x737b0000 of 64 bytes failed: 仅完成部分的 ReadProcessMemory 或 WriteProcessMemory 请求。 (0x12B)
[0611/130235.213:WARNING:pe_image_reader.cc(340)] could not read dos header from C:\WINDOWS\SYSTEM32\WINMMBASE.dll
[0611/130235.213:ERROR:process_memory_win.cc(73)] ReadMemory at 0x76d20000 of 64 bytes failed: 仅完成部分的 ReadProcessMemory 或 WriteProcessMemory 请求。 (0x12B)
[0611/130235.213:WARNING:pe_image_reader.cc(340)] could not read dos header from C:\WINDOWS\System32\IMM32.DLL
[0611/130235.213:ERROR:process_memory_win.cc(73)] ReadMemory at 0xf9e0000 of 64 bytes failed: 仅完成部分的 ReadProcessMemory 或 WriteProcessMemory 请求。 (0x12B)
[0611/130235.213:WARNING:pe_image_reader.cc(340)] could not read dos header from C:\Program Files (x86)\Google\Chrome\Application\74.0.3729.169\chrome_child.dll
[0611/130235.213:ERROR:process_memory_win.cc(73)] ReadMemory at 0x75ab0000 of 64 bytes failed: 仅完成部分的 ReadProcessMemory 或 WriteProcessMemory 请求。 (0x12B)
[0611/130235.213:WARNING:pe_image_reader.cc(340)] could not read dos header from C:\WINDOWS\System32\WS2_32.dll
[0611/130235.213:ERROR:process_memory_win.cc(73)] ReadMemory at 0x75460000 of 64 bytes failed: 仅完成部分的 ReadProcessMemory 或 WriteProcessMemory 请求。 (0x12B)
[0611/130235.213:WARNING:pe_image_reader.cc(340)] could not read dos header from C:\WINDOWS\System32\ole32.dll
[0611/130235.213:ERROR:process_memory_win.cc(73)] ReadMemory at 0x757b0000 of 64 bytes failed: 仅完成部分的 ReadProcessMemory 或 WriteProcessMemory 请求。 (0x12B)
[0611/130235.213:WARNING:pe_image_reader.cc(340)] could not read dos header from C:\WINDOWS\System32\OLEAUT32.dll
[0611/130235.213:ERROR:process_memory_win.cc(73)] ReadMemory at 0x76140000 of 64 bytes failed: 仅完成部分的 ReadProcessMemory 或 WriteProcessMemory 请求。 (0x12B)
[0611/130235.214:WARNING:pe_image_reader.cc(340)] could not read dos header from C:\WINDOWS\System32\WINTRUST.dll
[0611/130235.214:ERROR:process_memory_win.cc(73)] ReadMemory at 0x76800000 of 64 bytes failed: 仅完成部分的 ReadProcessMemory 或 WriteProcessMemory 请求。 (0x12B)
[0611/130235.214:WARNING:pe_image_reader.cc(340)] could not read dos header from C:\WINDOWS\System32\MSASN1.dll
[0611/130235.214:ERROR:process_memory_win.cc(73)] ReadMemory at 0x74ff0000 of 64 bytes failed: 仅完成部分的 ReadProcessMemory 或 WriteProcessMemory 请求。 (0x12B)
[0611/130235.214:WARNING:pe_image_reader.cc(340)] could not read dos header from C:\WINDOWS\System32\CRYPT32.dll
[0611/130235.214:ERROR:process_memory_win.cc(73)] ReadMemory at 0x75b80000 of 64 bytes failed: 仅完成部分的 ReadProcessMemory 或 WriteProcessMemory 请求。 (0x12B)
[0611/130235.214:WARNING:pe_image_reader.cc(340)] could not read dos header from C:\WINDOWS\System32\COMDLG32.dll
[0611/130235.214:ERROR:process_memory_win.cc(73)] ReadMemory at 0x731a0000 of 64 bytes failed: 仅完成部分的 ReadProcessMemory 或 WriteProcessMemory 请求。 (0x12B)
[0611/130235.214:WARNING:pe_image_reader.cc(340)] could not read dos header from C:\WINDOWS\SYSTEM32\IPHLPAPI.DLL
[0611/130235.214:ERROR:process_memory_win.cc(73)] ReadMemory at 0x66970000 of 64 bytes failed: 仅完成部分的 ReadProcessMemory 或 WriteProcessMemory 请求。 (0x12B)
[0611/130235.214:WARNING:pe_image_reader.cc(340)] could not read dos header from C:\WINDOWS\SYSTEM32\OLEACC.dll
[0611/130235.214:ERROR:process_memory_win.cc(73)] ReadMemory at 0x73140000 of 64 bytes failed: 仅完成部分的 ReadProcessMemory 或 WriteProcessMemory 请求。 (0x12B)
[0611/130235.214:WARNING:pe_image_reader.cc(340)] could not read dos header from C:\WINDOWS\SYSTEM32\WTSAPI32.dll
[0611/130235.214:ERROR:process_memory_win.cc(73)] ReadMemory at 0x5f960000 of 64 bytes failed: 仅完成部分的 ReadProcessMemory 或 WriteProcessMemory 请求。 (0x12B)
[0611/130235.214:WARNING:pe_image_reader.cc(340)] could not read dos header from C:\WINDOWS\SYSTEM32\DWrite.dll
[0611/130235.214:ERROR:process_memory_win.cc(73)] ReadMemory at 0x5ea70000 of 64 bytes failed: 仅完成部分的 ReadProcessMemory 或 WriteProcessMemory 请求。 (0x12B)
[0611/130235.214:WARNING:pe_image_reader.cc(340)] could not read dos header from C:\WINDOWS\SYSTEM32\dxgi.dll
[0611/130235.214:ERROR:process_memory_win.cc(73)] ReadMemory at 0x69030000 of 64 bytes failed: 仅完成部分的 ReadProcessMemory 或 WriteProcessMemory 请求。 (0x12B)
[0611/130235.214:WARNING:pe_image_reader.cc(340)] could not read dos header from C:\WINDOWS\SYSTEM32\WINSPOOL.DRV
[0611/130235.214:ERROR:process_memory_win.cc(73)] ReadMemory at 0x72f20000 of 64 bytes failed: 仅完成部分的 ReadProcessMemory 或 WriteProcessMemory 请求。 (0x12B)
[0611/130235.214:WARNING:pe_image_reader.cc(340)] could not read dos header from C:\WINDOWS\SYSTEM32\dbghelp.dll
[0611/130235.214:ERROR:process_memory_win.cc(73)] ReadMemory at 0x66310000 of 64 bytes failed: 仅完成部分的 ReadProcessMemory 或 WriteProcessMemory 请求。 (0x12B)
[0611/130235.214:WARNING:pe_image_reader.cc(340)] could not read dos header from C:\WINDOWS\WinSxS\x86_microsoft.windows.common-controls_6595b64144ccf1df_6.0.17134.765_none_42efd88044e1819c\COMCTL32.dll
[0611/130235.214:ERROR:process_memory_win.cc(73)] ReadMemory at 0x5fbf0000 of 64 bytes failed: 仅完成部分的 ReadProcessMemory 或 WriteProcessMemory 请求。 (0x12B)
[0611/130235.214:WARNING:pe_image_reader.cc(340)] could not read dos header from C:\WINDOWS\SYSTEM32\USP10.dll
[0611/130235.214:ERROR:process_memory_win.cc(73)] ReadMemory at 0x72e70000 of 64 bytes failed: 仅完成部分的 ReadProcessMemory 或 WriteProcessMemory 请求。 (0x12B)
[0611/130235.214:WARNING:pe_image_reader.cc(340)] could not read dos header from C:\WINDOWS\SYSTEM32\WINHTTP.dll
[0611/130235.214:ERROR:process_memory_win.cc(73)] ReadMemory at 0x72810000 of 64 bytes failed: 仅完成部分的 ReadProcessMemory 或 WriteProcessMemory 请求。 (0x12B)
[0611/130235.214:WARNING:pe_image_reader.cc(340)] could not read dos header from C:\WINDOWS\SYSTEM32\urlmon.dll
[0611/130235.214:ERROR:process_memory_win.cc(73)] ReadMemory at 0x73150000 of 64 bytes failed: 仅完成部分的 ReadProcessMemory 或 WriteProcessMemory 请求。 (0x12B)
[0611/130235.214:WARNING:pe_image_reader.cc(340)] could not read dos header from C:\WINDOWS\SYSTEM32\Secur32.dll
[0611/130235.214:ERROR:process_memory_win.cc(73)] ReadMemory at 0x6e710000 of 64 bytes failed: 仅完成部分的 ReadProcessMemory 或 WriteProcessMemory 请求。 (0x12B)
[0611/130235.214:WARNING:pe_image_reader.cc(340)] could not read dos header from C:\WINDOWS\SYSTEM32\dhcpcsvc.DLL
[0611/130235.214:ERROR:process_memory_win.cc(73)] ReadMemory at 0x738c0000 of 64 bytes failed: 仅完成部分的 ReadProcessMemory 或 WriteProcessMemory 请求。 (0x12B)
[0611/130235.214:WARNING:pe_image_reader.cc(340)] could not read dos header from C:\WINDOWS\System32\NSI.dll
[0611/130235.214:ERROR:process_memory_win.cc(73)] ReadMemory at 0x6e590000 of 64 bytes failed: 仅完成部分的 ReadProcessMemory 或 WriteProcessMemory 请求。 (0x12B)
[0611/130235.214:WARNING:pe_image_reader.cc(340)] could not read dos header from C:\WINDOWS\SYSTEM32\PROPSYS.dll
[0611/130235.214:ERROR:process_memory_win.cc(73)] ReadMemory at 0x70730000 of 64 bytes failed: 仅完成部分的 ReadProcessMemory 或 WriteProcessMemory 请求。 (0x12B)
[0611/130235.214:WARNING:pe_image_reader.cc(340)] could not read dos header from C:\WINDOWS\SYSTEM32\bcrypt.dll
[0611/130235.214:ERROR:process_memory_win.cc(73)] ReadMemory at 0x71fa0000 of 64 bytes failed: 仅完成部分的 ReadProcessMemory 或 WriteProcessMemory 请求。 (0x12B)
[0611/130235.214:WARNING:pe_image_reader.cc(340)] could not read dos header from C:\WINDOWS\SYSTEM32\iertutil.dll
[0611/130235.215:ERROR:process_memory_win.cc(73)] ReadMemory at 0x68e0000 of 64 bytes failed: 仅完成部分的 ReadProcessMemory 或 WriteProcessMemory 请求。 (0x12B)
[0611/130235.215:WARNING:pe_image_reader.cc(340)] could not read dos header from C:\WINDOWS\SYSTEM32\UIAutomationCore.DLL
[0611/130235.215:ERROR:process_memory_win.cc(73)] ReadMemory at 0x768e0000 of 64 bytes failed: 仅完成部分的 ReadProcessMemory 或 WriteProcessMemory 请求。 (0x12B)
[0611/130235.215:WARNING:pe_image_reader.cc(340)] could not read dos header from C:\WINDOWS\System32\SETUPAPI.dll
[0611/130235.215:ERROR:process_memory_win.cc(73)] ReadMemory at 0x6b680000 of 64 bytes failed: 仅完成部分的 ReadProcessMemory 或 WriteProcessMemory 请求。 (0x12B)
[0611/130235.215:WARNING:pe_image_reader.cc(340)] could not read dos header from C:\WINDOWS\SYSTEM32\DEVOBJ.dll
[0611/130235.215:ERROR:process_memory_win.cc(73)] ReadMemory at 0x5f250000 of 64 bytes failed: 仅完成部分的 ReadProcessMemory 或 WriteProcessMemory 请求。 (0x12B)
[0611/130235.215:WARNING:pe_image_reader.cc(340)] could not read dos header from C:\WINDOWS\SYSTEM32\mf.dll
[0611/130235.215:ERROR:process_memory_win.cc(73)] ReadMemory at 0x5f660000 of 64 bytes failed: 仅完成部分的 ReadProcessMemory 或 WriteProcessMemory 请求。 (0x12B)
[0611/130235.215:WARNING:pe_image_reader.cc(340)] could not read dos header from C:\WINDOWS\SYSTEM32\mfplat.dll
[0611/130235.215:ERROR:process_memory_win.cc(73)] ReadMemory at 0x5f630000 of 64 bytes failed: 仅完成部分的 ReadProcessMemory 或 WriteProcessMemory 请求。 (0x12B)
[0611/130235.215:WARNING:pe_image_reader.cc(340)] could not read dos header from C:\WINDOWS\SYSTEM32\RTWorkQ.DLL
[0611/130235.215:ERROR:process_memory_win.cc(73)] ReadMemory at 0x5f3f0000 of 64 bytes failed: 仅完成部分的 ReadProcessMemory 或 WriteProcessMemory 请求。 (0x12B)
[0611/130235.215:WARNING:pe_image_reader.cc(340)] could not read dos header from C:\WINDOWS\SYSTEM32\msmpeg2vdec.dll
[0611/130235.215:ERROR:process_memory_win.cc(73)] ReadMemory at 0x5f2e0000 of 64 bytes failed: 仅完成部分的 ReadProcessMemory 或 WriteProcessMemory 请求。 (0x12B)
[0611/130235.215:WARNING:pe_image_reader.cc(340)] could not read dos header from C:\WINDOWS\SYSTEM32\mfperfhelper.dll
[0611/130235.215:ERROR:process_memory_win.cc(73)] ReadMemory at 0x71a40000 of 64 bytes failed: 仅完成部分的 ReadProcessMemory 或 WriteProcessMemory 请求。 (0x12B)
[0611/130235.215:WARNING:pe_image_reader.cc(340)] could not read dos header from C:\WINDOWS\SYSTEM32\cryptsp.dll
[0611/130235.215:ERROR:process_memory_win.cc(73)] ReadMemory at 0x5f230000 of 64 bytes failed: 仅完成部分的 ReadProcessMemory 或 WriteProcessMemory 请求。 (0x12B)
[0611/130235.215:WARNING:pe_image_reader.cc(340)] could not read dos header from C:\WINDOWS\SYSTEM32\dxva2.dll
[0611/130235.215:ERROR:process_memory_win.cc(73)] ReadMemory at 0x5f110000 of 64 bytes failed: 仅完成部分的 ReadProcessMemory 或 WriteProcessMemory 请求。 (0x12B)
[0611/130235.215:WARNING:pe_image_reader.cc(340)] could not read dos header from C:\WINDOWS\SYSTEM32\msvproc.dll
[0611/130235.215:ERROR:process_memory_win.cc(73)] ReadMemory at 0x5f0f0000 of 64 bytes failed: 仅完成部分的 ReadProcessMemory 或 WriteProcessMemory 请求。 (0x12B)
[0611/130235.215:WARNING:pe_image_reader.cc(340)] could not read dos header from C:\WINDOWS\SYSTEM32\CompPkgSup.DLL
[0611/130235.215:ERROR:process_memory_win.cc(73)] ReadMemory at 0x78a0000 of 64 bytes failed: 仅完成部分的 ReadProcessMemory 或 WriteProcessMemory 请求。 (0x12B)
[0611/130235.215:WARNING:pe_image_reader.cc(340)] could not read dos header from C:\WINDOWS\SYSTEM32\D3DCompiler_47.dll
[0611/130235.215:ERROR:process_memory_win.cc(73)] ReadMemory at 0x7c30000 of 64 bytes failed: 仅完成部分的 ReadProcessMemory 或 WriteProcessMemory 请求。 (0x12B)
[0611/130235.215:WARNING:pe_image_reader.cc(340)] could not read dos header from C:\Program Files (x86)\Google\Chrome\Application\74.0.3729.169\libglesv2.dll
[0611/130235.215:ERROR:process_memory_win.cc(73)] ReadMemory at 0x63760000 of 64 bytes failed: 仅完成部分的 ReadProcessMemory 或 WriteProcessMemory 请求。 (0x12B)
[0611/130235.215:WARNING:pe_image_reader.cc(340)] could not read dos header from C:\WINDOWS\SYSTEM32\d3d9.dll
[0611/130235.216:ERROR:process_memory_win.cc(73)] ReadMemory at 0x63730000 of 64 bytes failed: 仅完成部分的 ReadProcessMemory 或 WriteProcessMemory 请求。 (0x12B)
[0611/130235.216:WARNING:pe_image_reader.cc(340)] could not read dos header from C:\WINDOWS\SYSTEM32\dwmapi.dll
[0611/130235.216:ERROR:process_memory_win.cc(73)] ReadMemory at 0x50230000 of 64 bytes failed: 仅完成部分的 ReadProcessMemory 或 WriteProcessMemory 请求。 (0x12B)
[0611/130235.216:WARNING:pe_image_reader.cc(340)] could not read dos header from C:\Program Files (x86)\Google\Chrome\Application\74.0.3729.169\libegl.dll
[0611/130235.216:ERROR:process_memory_win.cc(73)] ReadMemory at 0x5e670000 of 64 bytes failed: 仅完成部分的 ReadProcessMemory 或 WriteProcessMemory 请求。 (0x12B)
[0611/130235.216:WARNING:pe_image_reader.cc(340)] could not read dos header from C:\WINDOWS\SYSTEM32\d3d11.dll
[0611/130235.216:ERROR:process_memory_win.cc(73)] ReadMemory at 0x5e3e0000 of 64 bytes failed: 仅完成部分的 ReadProcessMemory 或 WriteProcessMemory 请求。 (0x12B)
[0611/130235.216:WARNING:pe_image_reader.cc(340)] could not read dos header from C:\WINDOWS\SYSTEM32\dcomp.dll
[0611/130235.216:ERROR:process_memory_win.cc(73)] ReadMemory at 0x5d260000 of 64 bytes failed: 仅完成部分的 ReadProcessMemory 或 WriteProcessMemory 请求。 (0x12B)
[0611/130235.216:WARNING:pe_image_reader.cc(340)] could not read dos header from C:\WINDOWS\System32\DriverStore\FileRepository\ki127390.inf_amd64_e1ccb879ece8f084\igd10iumd32.dll
[0611/130235.216:ERROR:process_memory_win.cc(73)] ReadMemory at 0x690a0000 of 64 bytes failed: 仅完成部分的 ReadProcessMemory 或 WriteProcessMemory 请求。 (0x12B)
[0611/130235.216:WARNING:pe_image_reader.cc(340)] could not read dos header from C:\WINDOWS\SYSTEM32\ncrypt.dll
[0611/130235.216:ERROR:process_memory_win.cc(73)] ReadMemory at 0x68bf0000 of 64 bytes failed: 仅完成部分的 ReadProcessMemory 或 WriteProcessMemory 请求。 (0x12B)
[0611/130235.216:WARNING:pe_image_reader.cc(340)] could not read dos header from C:\WINDOWS\SYSTEM32\NTASN1.dll
[0611/130235.216:ERROR:process_memory_win.cc(73)] ReadMemory at 0x5b860000 of 64 bytes failed: 仅完成部分的 ReadProcessMemory 或 WriteProcessMemory 请求。 (0x12B)
[0611/130235.216:WARNING:pe_image_reader.cc(340)] could not read dos header from C:\WINDOWS\System32\DriverStore\FileRepository\ki127390.inf_amd64_e1ccb879ece8f084\igc32.dll
[0611/130235.216:ERROR:process_memory_win.cc(73)] ReadMemory at 0x75f40000 of 64 bytes failed: 仅完成部分的 ReadProcessMemory 或 WriteProcessMemory 请求。 (0x12B)
[0611/130235.216:WARNING:pe_image_reader.cc(340)] could not read dos header from C:\WINDOWS\System32\clbcatq.dll
[0611/130235.216:ERROR:process_memory_win.cc(73)] ReadMemory at 0x66230000 of 64 bytes failed: 仅完成部分的 ReadProcessMemory 或 WriteProcessMemory 请求。 (0x12B)
[0611/130235.216:WARNING:pe_image_reader.cc(340)] could not read dos header from C:\Windows\System32\WinTypes.dll
[0611/130235.216:ERROR:process_memory_win.cc(73)] ReadMemory at 0xf4c0000 of 64 bytes failed: 仅完成部分的 ReadProcessMemory 或 WriteProcessMemory 请求。 (0x12B)
[0611/130235.216:WARNING:pe_image_reader.cc(340)] could not read dos header from C:\WINDOWS\SYSTEM32\rometadata.dll
[0611/130235.216:ERROR:process_memory_win.cc(73)] ReadMemory at 0x589f0000 of 64 bytes failed: 仅完成部分的 ReadProcessMemory 或 WriteProcessMemory 请求。 (0x12B)
[0611/130235.216:WARNING:pe_image_reader.cc(340)] could not read dos header from C:\WINDOWS\System32\DriverStore\FileRepository\ki127390.inf_amd64_e1ccb879ece8f084\igd11dxva32.dll
[0611/130235.216:ERROR:process_memory_win.cc(73)] ReadMemory at 0x1f6d0000 of 64 bytes failed: 仅完成部分的 ReadProcessMemory 或 WriteProcessMemory 请求。 (0x12B)
[0611/130235.216:WARNING:pe_image_reader.cc(340)] could not read dos header from C:\Windows\System32\mfh264enc.dll
[0611/130235.216:ERROR:process_memory_win.cc(73)] ReadMemory at 0x669d0000 of 64 bytes failed: 仅完成部分的 ReadProcessMemory 或 WriteProcessMemory 请求。 (0x12B)
[0611/130235.216:WARNING:pe_image_reader.cc(340)] could not read dos header from C:\WINDOWS\system32\uxtheme.dll
[0611/130235.216:ERROR:process_memory_win.cc(73)] ReadMemory at 0x76d50000 of 64 bytes failed: 仅完成部分的 ReadProcessMemory 或 WriteProcessMemory 请求。 (0x12B)
[0611/130235.216:WARNING:pe_image_reader.cc(340)] could not read dos header from C:\WINDOWS\System32\MSCTF.dll
[0611/130235.228:ERROR:process_memory_win.cc(73)] ReadMemory at 0x4af5000 of 45056 bytes failed: 仅完成部分的 ReadProcessMemory 或 WriteProcessMemory 请求。 (0x12B)
[0611/130235.228:ERROR:process_memory_win.cc(73)] ReadMemory at 0x4fa7000 of 36864 bytes failed: 仅完成部分的 ReadProcessMemory 或 WriteProcessMemory 请求。 (0x12B)
[0611/130235.228:ERROR:process_memory_win.cc(73)] ReadMemory at 0x789e000 of 8192 bytes failed: 仅完成部分的 ReadProcessMemory 或 WriteProcessMemory 请求。 (0x12B)
[0611/130235.229:ERROR:process_memory_win.cc(73)] ReadMemory at 0xc64e000 of 8192 bytes failed: 仅完成部分的 ReadProcessMemory 或 WriteProcessMemory 请求。 (0x12B)
[0611/130235.229:ERROR:process_memory_win.cc(73)] ReadMemory at 0xc78e000 of 8192 bytes failed: 仅完成部分的 ReadProcessMemory 或 WriteProcessMemory 请求。 (0x12B)
[0611/130235.229:ERROR:process_memory_win.cc(73)] ReadMemory at 0xc8ce000 of 8192 bytes failed: 仅完成部分的 ReadProcessMemory 或 WriteProcessMemory 请求。 (0x12B)
[0611/130235.229:ERROR:process_memory_win.cc(73)] ReadMemory at 0xca0d000 of 12288 bytes failed: 仅完成部分的 ReadProcessMemory 或 WriteProcessMemory 请求。 (0x12B)
[0611/130235.229:ERROR:process_memory_win.cc(73)] ReadMemory at 0xcb4f000 of 4096 bytes failed: 仅完成部分的 ReadProcessMemory 或 WriteProcessMemory 请求。 (0x12B)
[0611/130235.229:ERROR:process_memory_win.cc(73)] ReadMemory at 0xcc8e000 of 8192 bytes failed: 仅完成部分的 ReadProcessMemory 或 WriteProcessMemory 请求。 (0x12B)
[0611/130235.229:ERROR:process_memory_win.cc(73)] ReadMemory at 0xd177000 of 36864 bytes failed: 仅完成部分的 ReadProcessMemory 或 WriteProcessMemory 请求。 (0x12B)
[0611/130235.229:ERROR:process_memory_win.cc(73)] ReadMemory at 0xd88e000 of 8192 bytes failed: 仅完成部分的 ReadProcessMemory 或 WriteProcessMemory 请求。 (0x12B)
[0611/130235.229:ERROR:process_memory_win.cc(73)] ReadMemory at 0xe3b5000 of 45056 bytes failed: 仅完成部分的 ReadProcessMemory 或 WriteProcessMemory 请求。 (0x12B)
[0611/130235.229:ERROR:process_memory_win.cc(73)] ReadMemory at 0x4879000 of 560 bytes failed: 仅完成部分的 ReadProcessMemory 或 WriteProcessMemory 请求。 (0x12B)
[0611/130235.229:ERROR:process_memory_win.cc(73)] ReadMemory at 0x487c000 of 3992 bytes failed: 仅完成部分的 ReadProcessMemory 或 WriteProcessMemory 请求。 (0x12B)
[0611/130235.229:ERROR:process_memory_win.cc(73)] ReadMemory at 0x487f000 of 3992 bytes failed: 仅完成部分的 ReadProcessMemory 或 WriteProcessMemory 请求。 (0x12B)
[0611/130235.229:ERROR:process_memory_win.cc(73)] ReadMemory at 0x4882000 of 3992 bytes failed: 仅完成部分的 ReadProcessMemory 或 WriteProcessMemory 请求。 (0x12B)
[0611/130235.229:ERROR:process_memory_win.cc(73)] ReadMemory at 0x4888000 of 3992 bytes failed: 仅完成部分的 ReadProcessMemory 或 WriteProcessMemory 请求。 (0x12B)
[0611/130235.229:ERROR:process_memory_win.cc(73)] ReadMemory at 0x488b000 of 3992 bytes failed: 仅完成部分的 ReadProcessMemory 或 WriteProcessMemory 请求。 (0x12B)
[0611/130235.229:ERROR:process_memory_win.cc(73)] ReadMemory at 0x488e000 of 3992 bytes failed: 仅完成部分的 ReadProcessMemory 或 WriteProcessMemory 请求。 (0x12B)
[0611/130235.229:ERROR:process_memory_win.cc(73)] ReadMemory at 0x4891000 of 3992 bytes failed: 仅完成部分的 ReadProcessMemory 或 WriteProcessMemory 请求。 (0x12B)
[0611/130235.230:ERROR:process_memory_win.cc(73)] ReadMemory at 0x4894000 of 3992 bytes failed: 仅完成部分的 ReadProcessMemory 或 WriteProcessMemory 请求。 (0x12B)
[0611/130235.230:ERROR:process_memory_win.cc(73)] ReadMemory at 0x4897000 of 3992 bytes failed: 仅完成部分的 ReadProcessMemory 或 WriteProcessMemory 请求。 (0x12B)
[0611/130235.230:ERROR:process_memory_win.cc(73)] ReadMemory at 0x489d000 of 3992 bytes failed: 仅完成部分的 ReadProcessMemory 或 WriteProcessMemory 请求。 (0x12B)
[0611/130235.230:ERROR:process_memory_win.cc(73)] ReadMemory at 0x48da000 of 384 bytes failed: 仅完成部分的 ReadProcessMemory 或 WriteProcessMemory 请求。 (0x12B)
[0611/130235.230:ERROR:process_memory_win.cc(73)] ReadMemory at 0x48dc000 of 3992 bytes failed: 仅完成部分的 ReadProcessMemory 或 WriteProcessMemory 请求。 (0x12B)
[0611/130235.230:ERROR:process_memory_win.cc(73)] ReadMemory at 0x48df000 of 3992 bytes failed: 仅完成部分的 ReadProcessMemory 或 WriteProcessMemory 请求。 (0x12B)
[0611/130235.230:ERROR:process_memory_win.cc(73)] ReadMemory at 0x4db04a0 of 72 bytes failed: 仅完成部分的 ReadProcessMemory 或 WriteProcessMemory 请求。 (0x12B)
[0611/130235.230:ERROR:process_memory_win.cc(73)] ReadMemory at 0x4db0730 of 512 bytes failed: 仅完成部分的 ReadProcessMemory 或 WriteProcessMemory 请求。 (0x12B)
[0611/130235.230:ERROR:process_memory_win.cc(73)] ReadMemory at 0x4db0ae0 of 8544 bytes failed: 仅完成部分的 ReadProcessMemory 或 WriteProcessMemory 请求。 (0x12B)
[0611/130235.230:ERROR:process_memory_win.cc(73)] ReadMemory at 0x4db2c48 of 660 bytes failed: 仅完成部分的 ReadProcessMemory 或 WriteProcessMemory 请求。 (0x12B)
[0611/130235.230:ERROR:process_memory_win.cc(73)] ReadMemory at 0x4db30f4 of 118 bytes failed: 仅完成部分的 ReadProcessMemory 或 WriteProcessMemory 请求。 (0x12B)
[0611/130235.230:ERROR:process_memory_win.cc(73)] ReadMemory at 0x4db316c of 1266 bytes failed: 仅完成部分的 ReadProcessMemory 或 WriteProcessMemory 请求。 (0x12B)
[0611/130235.230:ERROR:process_memory_win.cc(73)] ReadMemory at 0x4db3660 of 118 bytes failed: 仅完成部分的 ReadProcessMemory 或 WriteProcessMemory 请求。 (0x12B)
[0611/130235.230:ERROR:process_memory_win.cc(73)] ReadMemory at 0x4db36d8 of 30 bytes failed: 仅完成部分的 ReadProcessMemory 或 WriteProcessMemory 请求。 (0x12B)
[0611/130235.230:ERROR:process_memory_win.cc(73)] ReadMemory at 0x4db5868 of 58 bytes failed: 仅完成部分的 ReadProcessMemory 或 WriteProcessMemory 请求。 (0x12B)
[0611/130235.230:ERROR:process_memory_win.cc(73)] ReadMemory at 0x4db5958 of 72 bytes failed: 仅完成部分的 ReadProcessMemory 或 WriteProcessMemory 请求。 (0x12B)
[0611/130235.230:ERROR:process_memory_win.cc(73)] ReadMemory at 0x4db5a40 of 72 bytes failed: 仅完成部分的 ReadProcessMemory 或 WriteProcessMemory 请求。 (0x12B)
[0611/130235.230:ERROR:process_memory_win.cc(73)] ReadMemory at 0x4db5e18 of 62 bytes failed: 仅完成部分的 ReadProcessMemory 或 WriteProcessMemory 请求。 (0x12B)
[0611/130235.230:ERROR:process_memory_win.cc(73)] ReadMemory at 0x4db5e70 of 72 bytes failed: 仅完成部分的 ReadProcessMemory 或 WriteProcessMemory 请求。 (0x12B)
[0611/130235.231:ERROR:process_memory_win.cc(73)] ReadMemory at 0x4db5f58 of 64 bytes failed: 仅完成部分的 ReadProcessMemory 或 WriteProcessMemory 请求。 (0x12B)
[0611/130235.231:ERROR:process_memory_win.cc(73)] ReadMemory at 0x4db6060 of 72 bytes failed: 仅完成部分的 ReadProcessMemory 或 WriteProcessMemory 请求。 (0x12B)
[0611/130235.231:ERROR:process_memory_win.cc(73)] ReadMemory at 0x4db61c8 of 72 bytes failed: 仅完成部分的 ReadProcessMemory 或 WriteProcessMemory 请求。 (0x12B)
[0611/130235.231:ERROR:process_memory_win.cc(73)] ReadMemory at 0x4db62b0 of 68 bytes failed: 仅完成部分的 ReadProcessMemory 或 WriteProcessMemory 请求。 (0x12B)
[0611/130235.231:ERROR:process_memory_win.cc(73)] ReadMemory at 0x4db8be0 of 242 bytes failed: 仅完成部分的 ReadProcessMemory 或 WriteProcessMemory 请求。 (0x12B)
[0611/130235.231:ERROR:process_memory_win.cc(73)] ReadMemory at 0x4db8cf0 of 72 bytes failed: 仅完成部分的 ReadProcessMemory 或 WriteProcessMemory 请求。 (0x12B)
[0611/130235.231:ERROR:process_memory_win.cc(73)] ReadMemory at 0x4db8da0 of 72 bytes failed: 仅完成部分的 ReadProcessMemory 或 WriteProcessMemory 请求。 (0x12B)
[0611/130235.231:ERROR:process_memory_win.cc(73)] ReadMemory at 0x4db8df8 of 960 bytes failed: 仅完成部分的 ReadProcessMemory 或 WriteProcessMemory 请求。 (0x12B)
[0611/130235.231:ERROR:process_memory_win.cc(73)] ReadMemory at 0x4dbd528 of 72 bytes failed: 仅完成部分的 ReadProcessMemory 或 WriteProcessMemory 请求。 (0x12B)
[0611/130235.231:ERROR:process_memory_win.cc(73)] ReadMemory at 0x4dbd610 of 64 bytes failed: 仅完成部分的 ReadProcessMemory 或 WriteProcessMemory 请求。 (0x12B)
[0611/130235.231:ERROR:process_memory_win.cc(73)] ReadMemory at 0x4dbd798 of 72 bytes failed: 仅完成部分的 ReadProcessMemory 或 WriteProcessMemory 请求。 (0x12B)
[0611/130235.231:ERROR:process_memory_win.cc(73)] ReadMemory at 0x4dbd880 of 64 bytes failed: 仅完成部分的 ReadProcessMemory 或 WriteProcessMemory 请求。 (0x12B)
[0611/130235.231:ERROR:process_memory_win.cc(73)] ReadMemory at 0x4dbda10 of 72 bytes failed: 仅完成部分的 ReadProcessMemory 或 WriteProcessMemory 请求。 (0x12B)
[0611/130235.231:ERROR:process_memory_win.cc(73)] ReadMemory at 0x4dbdaf8 of 60 bytes failed: 仅完成部分的 ReadProcessMemory 或 WriteProcessMemory 请求。 (0x12B)
[0611/130235.231:ERROR:process_memory_win.cc(73)] ReadMemory at 0x4dbdc38 of 80 bytes failed: 仅完成部分的 ReadProcessMemory 或 WriteProcessMemory 请求。 (0x12B)
[0611/130235.231:ERROR:process_memory_win.cc(73)] ReadMemory at 0x4dbdcc8 of 72 bytes failed: 仅完成部分的 ReadProcessMemory 或 WriteProcessMemory 请求。 (0x12B)
[0611/130235.231:ERROR:process_memory_win.cc(73)] ReadMemory at 0x4dbddb0 of 60 bytes failed: 仅完成部分的 ReadProcessMemory 或 WriteProcessMemory 请求。 (0x12B)
[0611/130235.231:ERROR:process_memory_win.cc(73)] ReadMemory at 0x4dbdf20 of 72 bytes failed: 仅完成部分的 ReadProcessMemory 或 WriteProcessMemory 请求。 (0x12B)
[0611/130235.231:ERROR:process_memory_win.cc(73)] ReadMemory at 0x4dbe008 of 62 bytes failed: 仅完成部分的 ReadProcessMemory 或 WriteProcessMemory 请求。 (0x12B)
[0611/130235.231:ERROR:process_memory_win.cc(73)] ReadMemory at 0x4dbe168 of 72 bytes failed: 仅完成部分的 ReadProcessMemory 或 WriteProcessMemory 请求。 (0x12B)
[0611/130235.232:ERROR:process_memory_win.cc(73)] ReadMemory at 0x4dbe250 of 66 bytes failed: 仅完成部分的 ReadProcessMemory 或 WriteProcessMemory 请求。 (0x12B)
[0611/130235.232:ERROR:process_memory_win.cc(73)] ReadMemory at 0x4dbe380 of 72 bytes failed: 仅完成部分的 ReadProcessMemory 或 WriteProcessMemory 请求。 (0x12B)
[0611/130235.232:ERROR:process_memory_win.cc(73)] ReadMemory at 0x4dbec38 of 80 bytes failed: 仅完成部分的 ReadProcessMemory 或 WriteProcessMemory 请求。 (0x12B)
[0611/130235.232:ERROR:process_memory_win.cc(73)] ReadMemory at 0x4dbed68 of 72 bytes failed: 仅完成部分的 ReadProcessMemory 或 WriteProcessMemory 请求。 (0x12B)
[0611/130235.232:ERROR:process_memory_win.cc(73)] ReadMemory at 0x4dbee18 of 62 bytes failed: 仅完成部分的 ReadProcessMemory 或 WriteProcessMemory 请求。 (0x12B)
[0611/130235.232:ERROR:process_memory_win.cc(73)] ReadMemory at 0x4dbf178 of 72 bytes failed: 仅完成部分的 ReadProcessMemory 或 WriteProcessMemory 请求。 (0x12B)
[0611/130235.232:ERROR:process_memory_win.cc(73)] ReadMemory at 0x4dbf228 of 62 bytes failed: 仅完成部分的 ReadProcessMemory 或 WriteProcessMemory 请求。 (0x12B)
[0611/130235.232:ERROR:process_memory_win.cc(73)] ReadMemory at 0x4dbf4e0 of 72 bytes failed: 仅完成部分的 ReadProcessMemory 或 WriteProcessMemory 请求。 (0x12B)
[0611/130235.232:ERROR:process_memory_win.cc(73)] ReadMemory at 0x4dbf590 of 72 bytes failed: 仅完成部分的 ReadProcessMemory 或 WriteProcessMemory 请求。 (0x12B)
[0611/130235.232:ERROR:process_memory_win.cc(73)] ReadMemory at 0x4dbf640 of 72 bytes failed: 仅完成部分的 ReadProcessMemory 或 WriteProcessMemory 请求。 (0x12B)
[0611/130235.232:ERROR:process_memory_win.cc(73)] ReadMemory at 0x4dbf6f0 of 72 bytes failed: 仅完成部分的 ReadProcessMemory 或 WriteProcessMemory 请求。 (0x12B)
[0611/130235.232:ERROR:process_memory_win.cc(73)] ReadMemory at 0x4dbf7a0 of 72 bytes failed: 仅完成部分的 ReadProcessMemory 或 WriteProcessMemory 请求。 (0x12B)
[0611/130235.232:ERROR:process_memory_win.cc(73)] ReadMemory at 0x4dbf850 of 72 bytes failed: 仅完成部分的 ReadProcessMemory 或 WriteProcessMemory 请求。 (0x12B)
[0611/130235.232:ERROR:process_memory_win.cc(73)] ReadMemory at 0x4dbf900 of 72 bytes failed: 仅完成部分的 ReadProcessMemory 或 WriteProcessMemory 请求。 (0x12B)
[0611/130235.232:ERROR:process_memory_win.cc(73)] ReadMemory at 0x4dbf9b0 of 72 bytes failed: 仅完成部分的 ReadProcessMemory 或 WriteProcessMemory 请求。 (0x12B)
[0611/130235.232:ERROR:process_memory_win.cc(73)] ReadMemory at 0x4dbfa60 of 72 bytes failed: 仅完成部分的 ReadProcessMemory 或 WriteProcessMemory 请求。 (0x12B)
[0611/130235.232:ERROR:process_memory_win.cc(73)] ReadMemory at 0x4dbfb10 of 72 bytes failed: 仅完成部分的 ReadProcessMemory 或 WriteProcessMemory 请求。 (0x12B)
[0611/130235.232:ERROR:process_memory_win.cc(73)] ReadMemory at 0x4dbfbc0 of 72 bytes failed: 仅完成部分的 ReadProcessMemory 或 WriteProcessMemory 请求。 (0x12B)
[0611/130235.232:ERROR:process_memory_win.cc(73)] ReadMemory at 0x4dbfc70 of 72 bytes failed: 仅完成部分的 ReadProcessMemory 或 WriteProcessMemory 请求。 (0x12B)
[0611/130235.232:ERROR:process_memory_win.cc(73)] ReadMemory at 0x4dbfd20 of 72 bytes failed: 仅完成部分的 ReadProcessMemory 或 WriteProcessMemory 请求。 (0x12B)
[0611/130235.232:ERROR:process_memory_win.cc(73)] ReadMemory at 0x4dbfdd0 of 72 bytes failed: 仅完成部分的 ReadProcessMemory 或 WriteProcessMemory 请求。 (0x12B)
[0611/130235.232:ERROR:process_memory_win.cc(73)] ReadMemory at 0x4dbfe80 of 72 bytes failed: 仅完成部分的 ReadProcessMemory 或 WriteProcessMemory 请求。 (0x12B)
[0611/130235.233:ERROR:process_memory_win.cc(73)] ReadMemory at 0x4dbff30 of 72 bytes failed: 仅完成部分的 ReadProcessMemory 或 WriteProcessMemory 请求。 (0x12B)
[0611/130235.233:ERROR:process_memory_win.cc(73)] ReadMemory at 0x4dbffe0 of 72 bytes failed: 仅完成部分的 ReadProcessMemory 或 WriteProcessMemory 请求。 (0x12B)
[0611/130235.233:ERROR:process_memory_win.cc(73)] ReadMemory at 0x4dc0090 of 72 bytes failed: 仅完成部分的 ReadProcessMemory 或 WriteProcessMemory 请求。 (0x12B)
[0611/130235.233:ERROR:process_memory_win.cc(73)] ReadMemory at 0x4dc0140 of 72 bytes failed: 仅完成部分的 ReadProcessMemory 或 WriteProcessMemory 请求。 (0x12B)
[0611/130235.233:ERROR:process_memory_win.cc(73)] ReadMemory at 0x4dc01f0 of 72 bytes failed: 仅完成部分的 ReadProcessMemory 或 WriteProcessMemory 请求。 (0x12B)
[0611/130235.233:ERROR:process_memory_win.cc(73)] ReadMemory at 0x4dc02a0 of 72 bytes failed: 仅完成部分的 ReadProcessMemory 或 WriteProcessMemory 请求。 (0x12B)
[0611/130235.233:ERROR:process_memory_win.cc(73)] ReadMemory at 0x4dc0350 of 72 bytes failed: 仅完成部分的 ReadProcessMemory 或 WriteProcessMemory 请求。 (0x12B)
[0611/130235.233:ERROR:process_memory_win.cc(73)] ReadMemory at 0x4dc0410 of 78 bytes failed: 仅完成部分的 ReadProcessMemory 或 WriteProcessMemory 请求。 (0x12B)
[0611/130235.233:ERROR:process_memory_win.cc(73)] ReadMemory at 0x4dc0670 of 64 bytes failed: 仅完成部分的 ReadProcessMemory 或 WriteProcessMemory 请求。 (0x12B)
[0611/130235.233:ERROR:process_memory_win.cc(73)] ReadMemory at 0x4dc0808 of 62 bytes failed: 仅完成部分的 ReadProcessMemory 或 WriteProcessMemory 请求。 (0x12B)
[0611/130235.233:ERROR:process_memory_win.cc(73)] ReadMemory at 0x4dc0850 of 152 bytes failed: 仅完成部分的 ReadProcessMemory 或 WriteProcessMemory 请求。 (0x12B)
[0611/130235.233:ERROR:process_memory_win.cc(73)] ReadMemory at 0x4dc0998 of 58 bytes failed: 仅完成部分的 ReadProcessMemory 或 WriteProcessMemory 请求。 (0x12B)
[0611/130235.233:ERROR:process_memory_win.cc(73)] ReadMemory at 0x4dc09e0 of 158 bytes failed: 仅完成部分的 ReadProcessMemory 或 WriteProcessMemory 请求。 (0x12B)
[0611/130235.233:ERROR:process_memory_win.cc(73)] ReadMemory at 0x4dc0a98 of 66 bytes failed: 仅完成部分的 ReadProcessMemory 或 WriteProcessMemory 请求。 (0x12B)
[0611/130235.233:ERROR:process_memory_win.cc(73)] ReadMemory at 0x4dc0ae8 of 76 bytes failed: 仅完成部分的 ReadProcessMemory 或 WriteProcessMemory 请求。 (0x12B)
[0611/130235.233:ERROR:process_memory_win.cc(73)] ReadMemory at 0x4dc0b78 of 66 bytes failed: 仅完成部分的 ReadProcessMemory 或 WriteProcessMemory 请求。 (0x12B)
[0611/130235.233:ERROR:process_memory_win.cc(73)] ReadMemory at 0x4dc10d0 of 60 bytes failed: 仅完成部分的 ReadProcessMemory 或 WriteProcessMemory 请求。 (0x12B)
[0611/130235.233:ERROR:process_memory_win.cc(73)] ReadMemory at 0x4dc1248 of 60 bytes failed: 仅完成部分的 ReadProcessMemory 或 WriteProcessMemory 请求。 (0x12B)
[0611/130235.233:ERROR:process_memory_win.cc(73)] ReadMemory at 0x4dc1358 of 76 bytes failed: 仅完成部分的 ReadProcessMemory 或 WriteProcessMemory 请求。 (0x12B)
[0611/130235.233:ERROR:process_memory_win.cc(73)] ReadMemory at 0x4dc1490 of 62 bytes failed: 仅完成部分的 ReadProcessMemory 或 WriteProcessMemory 请求。 (0x12B)
[0611/130235.233:ERROR:process_memory_win.cc(73)] ReadMemory at 0x4dc1600 of 64 bytes failed: 仅完成部分的 ReadProcessMemory 或 WriteProcessMemory 请求。 (0x12B)
[0611/130235.233:ERROR:process_memory_win.cc(73)] ReadMemory at 0x4dc1758 of 60 bytes failed: 仅完成部分的 ReadProcessMemory 或 WriteProcessMemory 请求。 (0x12B)
[0611/130235.234:ERROR:process_memory_win.cc(73)] ReadMemory at 0x4dc2198 of 154 bytes failed: 仅完成部分的 ReadProcessMemory 或 WriteProcessMemory 请求。 (0x12B)
[0611/130235.234:ERROR:process_memory_win.cc(73)] ReadMemory at 0x4dc2928 of 60 bytes failed: 仅完成部分的 ReadProcessMemory 或 WriteProcessMemory 请求。 (0x12B)
[0611/130235.234:ERROR:process_memory_win.cc(73)] ReadMemory at 0x4dc2970 of 56 bytes failed: 仅完成部分的 ReadProcessMemory 或 WriteProcessMemory 请求。 (0x12B)
[0611/130235.234:ERROR:process_memory_win.cc(73)] ReadMemory at 0x4dc29b8 of 62 bytes failed: 仅完成部分的 ReadProcessMemory 或 WriteProcessMemory 请求。 (0x12B)
[0611/130235.234:ERROR:process_memory_win.cc(73)] ReadMemory at 0x4dc2a00 of 58 bytes failed: 仅完成部分的 ReadProcessMemory 或 WriteProcessMemory 请求。 (0x12B)
[0611/130235.234:ERROR:process_memory_win.cc(73)] ReadMemory at 0x4dc2b20 of 62 bytes failed: 仅完成部分的 ReadProcessMemory 或 WriteProcessMemory 请求。 (0x12B)
[0611/130235.234:ERROR:process_memory_win.cc(73)] ReadMemory at 0x4dc2b68 of 62 bytes failed: 仅完成部分的 ReadProcessMemory 或 WriteProcessMemory 请求。 (0x12B)
[0611/130235.234:ERROR:process_memory_win.cc(73)] ReadMemory at 0x4dc2bb0 of 62 bytes failed: 仅完成部分的 ReadProcessMemory 或 WriteProcessMemory 请求。 (0x12B)
[0611/130235.234:ERROR:process_memory_win.cc(73)] ReadMemory at 0x4dc2bf8 of 60 bytes failed: 仅完成部分的 ReadProcessMemory 或 WriteProcessMemory 请求。 (0x12B)
[0611/130235.234:ERROR:process_memory_win.cc(73)] ReadMemory at 0x4dc2c40 of 60 bytes failed: 仅完成部分的 ReadProcessMemory 或 WriteProcessMemory 请求。 (0x12B)
[0611/130235.234:ERROR:process_memory_win.cc(73)] ReadMemory at 0x4dc2c88 of 62 bytes failed: 仅完成部分的 ReadProcessMemory 或 WriteProcessMemory 请求。 (0x12B)
[0611/130235.234:ERROR:process_memory_win.cc(73)] ReadMemory at 0x4dc2cd0 of 58 bytes failed: 仅完成部分的 ReadProcessMemory 或 WriteProcessMemory 请求。 (0x12B)
[0611/130235.234:ERROR:process_memory_win.cc(73)] ReadMemory at 0x4dc2d18 of 62 bytes failed: 仅完成部分的 ReadProcessMemory 或 WriteProcessMemory 请求。 (0x12B)
[0611/130235.234:ERROR:process_memory_win.cc(73)] ReadMemory at 0x4dc2d60 of 58 bytes failed: 仅完成部分的 ReadProcessMemory 或 WriteProcessMemory 请求。 (0x12B)
[0611/130235.234:ERROR:process_memory_win.cc(73)] ReadMemory at 0x4dc2da8 of 60 bytes failed: 仅完成部分的 ReadProcessMemory 或 WriteProcessMemory 请求。 (0x12B)
[0611/130235.234:ERROR:process_memory_win.cc(73)] ReadMemory at 0x4dc2e38 of 62 bytes failed: 仅完成部分的 ReadProcessMemory 或 WriteProcessMemory 请求。 (0x12B)
[0611/130235.234:ERROR:process_memory_win.cc(73)] ReadMemory at 0x4dc3030 of 58 bytes failed: 仅完成部分的 ReadProcessMemory 或 WriteProcessMemory 请求。 (0x12B)
[0611/130235.234:ERROR:process_memory_win.cc(73)] ReadMemory at 0x4dc30c0 of 60 bytes failed: 仅完成部分的 ReadProcessMemory 或 WriteProcessMemory 请求。 (0x12B)
[0611/130235.234:ERROR:process_memory_win.cc(73)] ReadMemory at 0x4dc5638 of 66 bytes failed: 仅完成部分的 ReadProcessMemory 或 WriteProcessMemory 请求。 (0x12B)
[0611/130235.234:ERROR:process_memory_win.cc(73)] ReadMemory at 0x4dcb6a8 of 64 bytes failed: 仅完成部分的 ReadProcessMemory 或 WriteProcessMemory 请求。 (0x12B)
[0611/130235.234:ERROR:process_memory_win.cc(73)] ReadMemory at 0x4dcb748 of 68 bytes failed: 仅完成部分的 ReadProcessMemory 或 WriteProcessMemory 请求。 (0x12B)
[0611/130235.235:ERROR:process_memory_win.cc(73)] ReadMemory at 0x4dcb888 of 64 bytes failed: 仅完成部分的 ReadProcessMemory 或 WriteProcessMemory 请求。 (0x12B)
[0611/130235.235:ERROR:process_memory_win.cc(73)] ReadMemory at 0x4dcb8d8 of 64 bytes failed: 仅完成部分的 ReadProcessMemory 或 WriteProcessMemory 请求。 (0x12B)
[0611/130235.235:ERROR:process_memory_win.cc(73)] ReadMemory at 0x4dcb928 of 64 bytes failed: 仅完成部分的 ReadProcessMemory 或 WriteProcessMemory 请求。 (0x12B)
[0611/130235.235:ERROR:process_memory_win.cc(73)] ReadMemory at 0x4dcb978 of 64 bytes failed: 仅完成部分的 ReadProcessMemory 或 WriteProcessMemory 请求。 (0x12B)
[0611/130235.235:ERROR:process_memory_win.cc(73)] ReadMemory at 0x4dcbb08 of 64 bytes failed: 仅完成部分的 ReadProcessMemory 或 WriteProcessMemory 请求。 (0x12B)
[0611/130235.235:ERROR:process_memory_win.cc(73)] ReadMemory at 0x4dcbba8 of 70 bytes failed: 仅完成部分的 ReadProcessMemory 或 WriteProcessMemory 请求。 (0x12B)
[0611/130235.235:ERROR:process_memory_win.cc(73)] ReadMemory at 0x4dcbc98 of 64 bytes failed: 仅完成部分的 ReadProcessMemory 或 WriteProcessMemory 请求。 (0x12B)
[0611/130235.235:ERROR:process_memory_win.cc(73)] ReadMemory at 0x4dcbce8 of 64 bytes failed: 仅完成部分的 ReadProcessMemory 或 WriteProcessMemory 请求。 (0x12B)
[0611/130235.235:ERROR:process_memory_win.cc(73)] ReadMemory at 0x4dcbd38 of 64 bytes failed: 仅完成部分的 ReadProcessMemory 或 WriteProcessMemory 请求。 (0x12B)
[0611/130235.235:ERROR:process_memory_win.cc(73)] ReadMemory at 0x4dce9e0 of 54 bytes failed: 仅完成部分的 ReadProcessMemory 或 WriteProcessMemory 请求。 (0x12B)
[0611/130235.235:ERROR:process_memory_win.cc(73)] ReadMemory at 0x4dd0b20 of 72 bytes failed: 仅完成部分的 ReadProcessMemory 或 WriteProcessMemory 请求。 (0x12B)
[0611/130235.235:ERROR:process_memory_win.cc(73)] ReadMemory at 0x4dd0bd0 of 72 bytes failed: 仅完成部分的 ReadProcessMemory 或 WriteProcessMemory 请求。 (0x12B)
[0611/130235.235:ERROR:process_memory_win.cc(73)] ReadMemory at 0x4dd0c80 of 72 bytes failed: 仅完成部分的 ReadProcessMemory 或 WriteProcessMemory 请求。 (0x12B)
[0611/130235.235:ERROR:process_memory_win.cc(73)] ReadMemory at 0x4dd0d30 of 72 bytes failed: 仅完成部分的 ReadProcessMemory 或 WriteProcessMemory 请求。 (0x12B)
[0611/130235.236:ERROR:process_memory_win.cc(73)] ReadMemory at 0x4dd0de0 of 72 bytes failed: 仅完成部分的 ReadProcessMemory 或 WriteProcessMemory 请求。 (0x12B)
[0611/130235.236:ERROR:process_memory_win.cc(73)] ReadMemory at 0x4dd0e90 of 72 bytes failed: 仅完成部分的 ReadProcessMemory 或 WriteProcessMemory 请求。 (0x12B)
[0611/130235.236:ERROR:process_memory_win.cc(73)] ReadMemory at 0x4dd0f40 of 72 bytes failed: 仅完成部分的 ReadProcessMemory 或 WriteProcessMemory 请求。 (0x12B)
[0611/130235.236:ERROR:process_memory_win.cc(73)] ReadMemory at 0x4dd0ff0 of 72 bytes failed: 仅完成部分的 ReadProcessMemory 或 WriteProcessMemory 请求。 (0x12B)
[0611/130235.236:ERROR:process_memory_win.cc(73)] ReadMemory at 0x4dd10a0 of 72 bytes failed: 仅完成部分的 ReadProcessMemory 或 WriteProcessMemory 请求。 (0x12B)
[0611/130235.236:ERROR:process_memory_win.cc(73)] ReadMemory at 0x4dd1150 of 72 bytes failed: 仅完成部分的 ReadProcessMemory 或 WriteProcessMemory 请求。 (0x12B)
[0611/130235.236:ERROR:process_memory_win.cc(73)] ReadMemory at 0x4dd1200 of 72 bytes failed: 仅完成部分的 ReadProcessMemory 或 WriteProcessMemory 请求。 (0x12B)
[0611/130235.236:ERROR:process_memory_win.cc(73)] ReadMemory at 0x4dd12b0 of 72 bytes failed: 仅完成部分的 ReadProcessMemory 或 WriteProcessMemory 请求。 (0x12B)
[0611/130235.236:ERROR:process_memory_win.cc(73)] ReadMemory at 0x4dd1360 of 72 bytes failed: 仅完成部分的 ReadProcessMemory 或 WriteProcessMemory 请求。 (0x12B)
[0611/130235.236:ERROR:process_memory_win.cc(73)] ReadMemory at 0x4dd1410 of 72 bytes failed: 仅完成部分的 ReadProcessMemory 或 WriteProcessMemory 请求。 (0x12B)
[0611/130235.236:ERROR:process_memory_win.cc(73)] ReadMemory at 0x4dd14c0 of 72 bytes failed: 仅完成部分的 ReadProcessMemory 或 WriteProcessMemory 请求。 (0x12B)
[0611/130235.236:ERROR:process_memory_win.cc(73)] ReadMemory at 0x4dd1570 of 72 bytes failed: 仅完成部分的 ReadProcessMemory 或 WriteProcessMemory 请求。 (0x12B)
[0611/130235.236:ERROR:process_memory_win.cc(73)] ReadMemory at 0x4dd16d0 of 72 bytes failed: 仅完成部分的 ReadProcessMemory 或 WriteProcessMemory 请求。 (0x12B)
[0611/130235.236:ERROR:process_memory_win.cc(73)] ReadMemory at 0x4dd1780 of 72 bytes failed: 仅完成部分的 ReadProcessMemory 或 WriteProcessMemory 请求。 (0x12B)
[0611/130235.236:ERROR:process_memory_win.cc(73)] ReadMemory at 0x4dd1830 of 72 bytes failed: 仅完成部分的 ReadProcessMemory 或 WriteProcessMemory 请求。 (0x12B)
[0611/130235.236:ERROR:process_memory_win.cc(73)] ReadMemory at 0x4dd18e0 of 72 bytes failed: 仅完成部分的 ReadProcessMemory 或 WriteProcessMemory 请求。 (0x12B)
[0611/130235.236:ERROR:process_memory_win.cc(73)] ReadMemory at 0x4dd1990 of 72 bytes failed: 仅完成部分的 ReadProcessMemory 或 WriteProcessMemory 请求。 (0x12B)
[0611/130235.236:ERROR:process_memory_win.cc(73)] ReadMemory at 0x4dd1a40 of 72 bytes failed: 仅完成部分的 ReadProcessMemory 或 WriteProcessMemory 请求。 (0x12B)
[0611/130235.236:ERROR:process_memory_win.cc(73)] ReadMemory at 0x4dd1af0 of 72 bytes failed: 仅完成部分的 ReadProcessMemory 或 WriteProcessMemory 请求。 (0x12B)
[0611/130235.237:ERROR:process_memory_win.cc(73)] ReadMemory at 0x4dd1ba0 of 72 bytes failed: 仅完成部分的 ReadProcessMemory 或 WriteProcessMemory 请求。 (0x12B)
[0611/130235.237:ERROR:process_memory_win.cc(73)] ReadMemory at 0x4dd1d00 of 72 bytes failed: 仅完成部分的 ReadProcessMemory 或 WriteProcessMemory 请求。 (0x12B)
[0611/130235.237:ERROR:process_memory_win.cc(73)] ReadMemory at 0x4dd1db0 of 72 bytes failed: 仅完成部分的 ReadProcessMemory 或 WriteProcessMemory 请求。 (0x12B)
[0611/130235.237:ERROR:process_memory_win.cc(73)] ReadMemory at 0x4dd1e60 of 72 bytes failed: 仅完成部分的 ReadProcessMemory 或 WriteProcessMemory 请求。 (0x12B)
[0611/130235.237:ERROR:process_memory_win.cc(73)] ReadMemory at 0x4dd1f10 of 72 bytes failed: 仅完成部分的 ReadProcessMemory 或 WriteProcessMemory 请求。 (0x12B)
[0611/130235.237:ERROR:process_memory_win.cc(73)] ReadMemory at 0x4dd1fc0 of 72 bytes failed: 仅完成部分的 ReadProcessMemory 或 WriteProcessMemory 请求。 (0x12B)
[0611/130235.237:ERROR:process_memory_win.cc(73)] ReadMemory at 0x4dd2070 of 72 bytes failed: 仅完成部分的 ReadProcessMemory 或 WriteProcessMemory 请求。 (0x12B)
[0611/130235.237:ERROR:process_memory_win.cc(73)] ReadMemory at 0x4dd2120 of 72 bytes failed: 仅完成部分的 ReadProcessMemory 或 WriteProcessMemory 请求。 (0x12B)
[0611/130235.237:ERROR:process_memory_win.cc(73)] ReadMemory at 0x4dd21d0 of 72 bytes failed: 仅完成部分的 ReadProcessMemory 或 WriteProcessMemory 请求。 (0x12B)
[0611/130235.237:ERROR:process_memory_win.cc(73)] ReadMemory at 0x4dd2280 of 72 bytes failed: 仅完成部分的 ReadProcessMemory 或 WriteProcessMemory 请求。 (0x12B)
[0611/130235.237:ERROR:process_memory_win.cc(73)] ReadMemory at 0x4dd2330 of 72 bytes failed: 仅完成部分的 ReadProcessMemory 或 WriteProcessMemory 请求。 (0x12B)
[0611/130235.237:ERROR:process_memory_win.cc(73)] ReadMemory at 0x4dd2490 of 72 bytes failed: 仅完成部分的 ReadProcessMemory 或 WriteProcessMemory 请求。 (0x12B)
[0611/130235.237:ERROR:process_memory_win.cc(73)] ReadMemory at 0x4dd2540 of 72 bytes failed: 仅完成部分的 ReadProcessMemory 或 WriteProcessMemory 请求。 (0x12B)
[0611/130235.237:ERROR:process_memory_win.cc(73)] ReadMemory at 0x4dd25f0 of 72 bytes failed: 仅完成部分的 ReadProcessMemory 或 WriteProcessMemory 请求。 (0x12B)
[0611/130235.237:ERROR:process_memory_win.cc(73)] ReadMemory at 0x4dd26a0 of 72 bytes failed: 仅完成部分的 ReadProcessMemory 或 WriteProcessMemory 请求。 (0x12B)
[0611/130235.238:ERROR:process_memory_win.cc(73)] ReadMemory at 0x4dd2750 of 72 bytes failed: 仅完成部分的 ReadProcessMemory 或 WriteProcessMemory 请求。 (0x12B)
[0611/130235.238:ERROR:process_memory_win.cc(73)] ReadMemory at 0x4dd2800 of 72 bytes failed: 仅完成部分的 ReadProcessMemory 或 WriteProcessMemory 请求。 (0x12B)
[0611/130235.238:ERROR:process_memory_win.cc(73)] ReadMemory at 0x4dd28b0 of 72 bytes failed: 仅完成部分的 ReadProcessMemory 或 WriteProcessMemory 请求。 (0x12B)
[0611/130235.238:ERROR:process_memory_win.cc(73)] ReadMemory at 0x4dd2960 of 72 bytes failed: 仅完成部分的 ReadProcessMemory 或 WriteProcessMemory 请求。 (0x12B)
[0611/130235.238:ERROR:process_memory_win.cc(73)] ReadMemory at 0x4dd2a10 of 72 bytes failed: 仅完成部分的 ReadProcessMemory 或 WriteProcessMemory 请求。 (0x12B)
[0611/130235.238:ERROR:process_memory_win.cc(73)] ReadMemory at 0x4dd4db0 of 60 bytes failed: 仅完成部分的 ReadProcessMemory 或 WriteProcessMemory 请求。 (0x12B)
[0611/130235.238:ERROR:process_memory_win.cc(73)] ReadMemory at 0x4dd5110 of 58 bytes failed: 仅完成部分的 ReadProcessMemory 或 WriteProcessMemory 请求。 (0x12B)
[0611/130235.238:ERROR:process_memory_win.cc(73)] ReadMemory at 0x4dd51e8 of 58 bytes failed: 仅完成部分的 ReadProcessMemory 或 WriteProcessMemory 请求。 (0x12B)
[0611/130235.238:ERROR:process_memory_win.cc(73)] ReadMemory at 0x4dd52c0 of 60 bytes failed: 仅完成部分的 ReadProcessMemory 或 WriteProcessMemory 请求。 (0x12B)
[0611/130235.238:ERROR:process_memory_win.cc(73)] ReadMemory at 0x4dd5308 of 60 bytes failed: 仅完成部分的 ReadProcessMemory 或 WriteProcessMemory 请求。 (0x12B)
[0611/130235.238:ERROR:process_memory_win.cc(73)] ReadMemory at 0x4dd5428 of 60 bytes failed: 仅完成部分的 ReadProcessMemory 或 WriteProcessMemory 请求。 (0x12B)
[0611/130235.238:ERROR:process_memory_win.cc(73)] ReadMemory at 0x4dd55d8 of 62 bytes failed: 仅完成部分的 ReadProcessMemory 或 WriteProcessMemory 请求。 (0x12B)
[0611/130235.238:ERROR:process_memory_win.cc(73)] ReadMemory at 0x4dd5620 of 62 bytes failed: 仅完成部分的 ReadProcessMemory 或 WriteProcessMemory 请求。 (0x12B)
[0611/130235.238:ERROR:process_memory_win.cc(73)] ReadMemory at 0x4dd5668 of 60 bytes failed: 仅完成部分的 ReadProcessMemory 或 WriteProcessMemory 请求。 (0x12B)
[0611/130235.238:ERROR:process_memory_win.cc(73)] ReadMemory at 0x4dd56b0 of 58 bytes failed: 仅完成部分的 ReadProcessMemory 或 WriteProcessMemory 请求。 (0x12B)
[0611/130235.238:ERROR:process_memory_win.cc(73)] ReadMemory at 0x4dd56f8 of 56 bytes failed: 仅完成部分的 ReadProcessMemory 或 WriteProcessMemory 请求。 (0x12B)
[0611/130235.238:ERROR:process_memory_win.cc(73)] ReadMemory at 0x4dd5860 of 62 bytes failed: 仅完成部分的 ReadProcessMemory 或 WriteProcessMemory 请求。 (0x12B)
[0611/130235.239:ERROR:process_memory_win.cc(73)] ReadMemory at 0x4dd58f0 of 60 bytes failed: 仅完成部分的 ReadProcessMemory 或 WriteProcessMemory 请求。 (0x12B)
[0611/130235.239:ERROR:process_memory_win.cc(73)] ReadMemory at 0x4de4068 of 52 bytes failed: 仅完成部分的 ReadProcessMemory 或 WriteProcessMemory 请求。 (0x12B)
[0611/130235.239:ERROR:process_memory_win.cc(73)] ReadMemory at 0x4de86a8 of 126 bytes failed: 仅完成部分的 ReadProcessMemory 或 WriteProcessMemory 请求。 (0x12B)
[0611/130235.239:ERROR:process_memory_win.cc(73)] ReadMemory at 0x4de96a0 of 146 bytes failed: 仅完成部分的 ReadProcessMemory 或 WriteProcessMemory 请求。 (0x12B)
[0611/130235.239:ERROR:process_memory_win.cc(73)] ReadMemory at 0x4dfdeb8 of 196 bytes failed: 仅完成部分的 ReadProcessMemory 或 WriteProcessMemory 请求。 (0x12B)
[0611/130235.239:ERROR:process_memory_win.cc(73)] ReadMemory at 0x4e03048 of 64 bytes failed: 仅完成部分的 ReadProcessMemory 或 WriteProcessMemory 请求。 (0x12B)
[0611/130235.239:ERROR:process_memory_win.cc(73)] ReadMemory at 0x4e031d8 of 68 bytes failed: 仅完成部分的 ReadProcessMemory 或 WriteProcessMemory 请求。 (0x12B)
[0611/130235.239:ERROR:process_memory_win.cc(73)] ReadMemory at 0x4e03818 of 66 bytes failed: 仅完成部分的 ReadProcessMemory 或 WriteProcessMemory 请求。 (0x12B)
[0611/130235.239:ERROR:process_memory_win.cc(73)] ReadMemory at 0x4e08fe0 of 184 bytes failed: 仅完成部分的 ReadProcessMemory 或 WriteProcessMemory 请求。 (0x12B)
[0611/130235.239:ERROR:process_memory_win.cc(73)] ReadMemory at 0x4e19a78 of 72 bytes failed: 仅完成部分的 ReadProcessMemory 或 WriteProcessMemory 请求。 (0x12B)
[0611/130235.239:ERROR:process_memory_win.cc(73)] ReadMemory at 0x4e19b28 of 72 bytes failed: 仅完成部分的 ReadProcessMemory 或 WriteProcessMemory 请求。 (0x12B)
[0611/130235.239:ERROR:process_memory_win.cc(73)] ReadMemory at 0x4e19de8 of 72 bytes failed: 仅完成部分的 ReadProcessMemory 或 WriteProcessMemory 请求。 (0x12B)
[0611/130235.239:ERROR:process_memory_win.cc(73)] ReadMemory at 0x4e1a158 of 72 bytes failed: 仅完成部分的 ReadProcessMemory 或 WriteProcessMemory 请求。 (0x12B)
[0611/130235.239:ERROR:process_memory_win.cc(73)] ReadMemory at 0x4e1a208 of 72 bytes failed: 仅完成部分的 ReadProcessMemory 或 WriteProcessMemory 请求。 (0x12B)
[0611/130235.239:ERROR:process_memory_win.cc(73)] ReadMemory at 0x4e1a368 of 72 bytes failed: 仅完成部分的 ReadProcessMemory 或 WriteProcessMemory 请求。 (0x12B)
[0611/130235.239:ERROR:process_memory_win.cc(73)] ReadMemory at 0x4e5f5a8 of 62 bytes failed: 仅完成部分的 ReadProcessMemory 或 WriteProcessMemory 请求。 (0x12B)
[0611/130235.239:ERROR:process_memory_win.cc(73)] ReadMemory at 0x4e6ab90 of 62 bytes failed: 仅完成部分的 ReadProcessMemory 或 WriteProcessMemory 请求。 (0x12B)
[0611/130235.239:ERROR:process_memory_win.cc(73)] ReadMemory at 0x4e8eb98 of 512 bytes failed: 仅完成部分的 ReadProcessMemory 或 WriteProcessMemory 请求。 (0x12B)
[0611/130235.239:ERROR:process_memory_win.cc(73)] ReadMemory at 0x4e959a8 of 196 bytes failed: 仅完成部分的 ReadProcessMemory 或 WriteProcessMemory 请求。 (0x12B)
[0611/130235.240:ERROR:process_memory_win.cc(73)] ReadMemory at 0x4eaae50 of 512 bytes failed: 仅完成部分的 ReadProcessMemory 或 WriteProcessMemory 请求。 (0x12B)
[0611/130235.240:ERROR:process_memory_win.cc(73)] ReadMemory at 0x67744a8 of 512 bytes failed: 仅完成部分的 ReadProcessMemory 或 WriteProcessMemory 请求。 (0x12B)
[0611/130235.240:ERROR:process_memory_win.cc(73)] ReadMemory at 0x6860000 of 384 bytes failed: 仅完成部分的 ReadProcessMemory 或 WriteProcessMemory 请求。 (0x12B)
[0611/130235.240:ERROR:process_memory_win.cc(73)] ReadMemory at 0xcf30060 of 960 bytes failed: 仅完成部分的 ReadProcessMemory 或 WriteProcessMemory 请求。 (0x12B)
[0611/130235.240:ERROR:process_memory_win.cc(73)] ReadMemory at 0xdc41d98 of 960 bytes failed: 仅完成部分的 ReadProcessMemory 或 WriteProcessMemory 请求。 (0x12B)
[0611/130235.240:ERROR:process_memory_win.cc(73)] ReadMemory at 0x11924857 of 512 bytes failed: 仅完成部分的 ReadProcessMemory 或 WriteProcessMemory 请求。 (0x12B)
[0611/130235.240:ERROR:process_memory_win.cc(73)] ReadMemory at 0x50140e9a of 512 bytes failed: 仅完成部分的 ReadProcessMemory 或 WriteProcessMemory 请求。 (0x12B)
[0611/130235.240:ERROR:process_memory_win.cc(73)] ReadMemory at 0x761944dc of 512 bytes failed: 仅完成部分的 ReadProcessMemory 或 WriteProcessMemory 请求。 (0x12B)
[0611/130235.240:ERROR:process_memory_win.cc(73)] ReadMemory at 0x76196d8c of 512 bytes failed: 仅完成部分的 ReadProcessMemory 或 WriteProcessMemory 请求。 (0x12B)
[0611/130235.240:ERROR:process_memory_win.cc(73)] ReadMemory at 0x76fe8564 of 18 bytes failed: 仅完成部分的 ReadProcessMemory 或 WriteProcessMemory 请求。 (0x12B)
[0611/130235.240:ERROR:process_memory_win.cc(73)] ReadMemory at 0x770313c0 of 512 bytes failed: 仅完成部分的 ReadProcessMemory 或 WriteProcessMemory 请求。 (0x12B)
[0611/130235.240:ERROR:process_memory_win.cc(73)] ReadMemory at 0x7704a87c of 592 bytes failed: 仅完成部分的 ReadProcessMemory 或 WriteProcessMemory 请求。 (0x12B)
[0611/130235.240:ERROR:process_memory_win.cc(73)] ReadMemory at 0x7704ab9c of 512 bytes failed: 仅完成部分的 ReadProcessMemory 或 WriteProcessMemory 请求。 (0x12B)
[0611/130235.240:ERROR:process_memory_win.cc(73)] ReadMemory at 0x7704c50c of 512 bytes failed: 仅完成部分的 ReadProcessMemory 或 WriteProcessMemory 请求。 (0x12B)
[0611/130235.240:ERROR:process_memory_win.cc(73)] ReadMemory at 0x770f53b8 of 24 bytes failed: 仅完成部分的 ReadProcessMemory 或 WriteProcessMemory 请求。 (0x12B)
[0611/130235.240:ERROR:process_memory_win.cc(73)] ReadMemory at 0x770f573c of 32 bytes failed: 仅完成部分的 ReadProcessMemory 或 WriteProcessMemory 请求。 (0x12B)
[0611/130235.240:ERROR:process_memory_win.cc(73)] ReadMemory at 0x770f7ba0 of 36 bytes failed: 仅完成部分的 ReadProcessMemory 或 WriteProcessMemory 请求。 (0x12B)
[0611/130235.242:ERROR:scoped_process_suspend.cc(40)] NtResumeProcess: 已尝试访问正在退出的过程。 (0xc000010a)
[0611/135129.255:ERROR:process_reader_win.cc(123)] NtOpenThread: {无法访问} 过程已请求访问一对象，但未给访问权限。 (0xc0000022)
[0611/135129.375:ERROR:exception_snapshot_win.cc(98)] thread ID 37628 not found in process
[0611/135137.995:ERROR:process_reader_win.cc(123)] NtOpenThread: {无法访问} 过程已请求访问一对象，但未给访问权限。 (0xc0000022)
[0611/135138.063:ERROR:exception_snapshot_win.cc(98)] thread ID 38212 not found in process
[0611/135142.378:ERROR:process_reader_win.cc(123)] NtOpenThread: {无法访问} 过程已请求访问一对象，但未给访问权限。 (0xc0000022)
[0611/135142.394:ERROR:exception_snapshot_win.cc(98)] thread ID 12156 not found in process
[0611/135145.047:ERROR:process_reader_win.cc(123)] NtOpenThread: {无法访问} 过程已请求访问一对象，但未给访问权限。 (0xc0000022)
[0611/135145.069:ERROR:exception_snapshot_win.cc(98)] thread ID 40796 not found in process
[0611/135149.372:ERROR:process_reader_win.cc(123)] NtOpenThread: {无法访问} 过程已请求访问一对象，但未给访问权限。 (0xc0000022)
[0611/135149.413:ERROR:exception_snapshot_win.cc(98)] thread ID 35800 not found in process
[0611/135153.046:ERROR:process_reader_win.cc(123)] NtOpenThread: {无法访问} 过程已请求访问一对象，但未给访问权限。 (0xc0000022)
[0611/135153.090:ERROR:exception_snapshot_win.cc(98)] thread ID 35712 not found in process
[0611/135156.175:ERROR:process_reader_win.cc(123)] NtOpenThread: {无法访问} 过程已请求访问一对象，但未给访问权限。 (0xc0000022)
[0611/135156.209:ERROR:exception_snapshot_win.cc(98)] thread ID 35620 not found in process
[0611/135200.083:ERROR:process_reader_win.cc(123)] NtOpenThread: {无法访问} 过程已请求访问一对象，但未给访问权限。 (0xc0000022)
[0611/135200.159:ERROR:exception_snapshot_win.cc(98)] thread ID 17552 not found in process
[0611/135205.505:ERROR:process_reader_win.cc(123)] NtOpenThread: {无法访问} 过程已请求访问一对象，但未给访问权限。 (0xc0000022)
[0611/135205.595:ERROR:exception_snapshot_win.cc(98)] thread ID 18744 not found in process
[0611/135207.914:ERROR:process_reader_win.cc(123)] NtOpenThread: {无法访问} 过程已请求访问一对象，但未给访问权限。 (0xc0000022)
[0611/135207.997:ERROR:exception_snapshot_win.cc(98)] thread ID 12088 not found in process
[0611/135210.633:ERROR:process_reader_win.cc(123)] NtOpenThread: {无法访问} 过程已请求访问一对象，但未给访问权限。 (0xc0000022)
[0611/135210.649:ERROR:exception_snapshot_win.cc(98)] thread ID 36424 not found in process
[0611/135217.443:ERROR:process_reader_win.cc(123)] NtOpenThread: {无法访问} 过程已请求访问一对象，但未给访问权限。 (0xc0000022)
[0611/135217.503:ERROR:exception_snapshot_win.cc(98)] thread ID 43544 not found in process
[0611/135220.517:ERROR:process_reader_win.cc(123)] NtOpenThread: {无法访问} 过程已请求访问一对象，但未给访问权限。 (0xc0000022)
[0611/135220.527:ERROR:exception_snapshot_win.cc(98)] thread ID 35280 not found in process
[0611/135223.575:ERROR:process_reader_win.cc(123)] NtOpenThread: {无法访问} 过程已请求访问一对象，但未给访问权限。 (0xc0000022)
[0611/135223.601:ERROR:exception_snapshot_win.cc(98)] thread ID 364 not found in process
[0611/135228.527:ERROR:process_reader_win.cc(123)] NtOpenThread: {无法访问} 过程已请求访问一对象，但未给访问权限。 (0xc0000022)
[0611/135228.669:ERROR:exception_snapshot_win.cc(98)] thread ID 31944 not found in process
[0611/135232.688:ERROR:process_reader_win.cc(123)] NtOpenThread: {无法访问} 过程已请求访问一对象，但未给访问权限。 (0xc0000022)
[0611/135232.870:ERROR:exception_snapshot_win.cc(98)] thread ID 20080 not found in process
[0611/135235.755:ERROR:process_reader_win.cc(123)] NtOpenThread: {无法访问} 过程已请求访问一对象，但未给访问权限。 (0xc0000022)
[0611/135235.920:ERROR:exception_snapshot_win.cc(98)] thread ID 23220 not found in process
